c:\users\1473q\code\realtime-ascii-generator\realtime-ascii-generator\realtime-ascii-generator\x64\debug\vc143.pdb
d:\study\241-252\realtime-ascii-generator\realtime-ascii-generator\realtime-ascii-generator\x64\debug\vc143.pdb
d:\study\241-252\realtime-ascii-generator\realtime-ascii-generator\realtime-ascii-generator\x64\debug\.netframework,version=v4.7.2.assemblyattributes.obj
d:\study\241-252\realtime-ascii-generator\realtime-ascii-generator\realtime-ascii-generator\x64\debug\myform.obj
d:\study\241-252\realtime-ascii-generator\realtime-ascii-generator\realtime-ascii-generator\x64\debug\main.obj
d:\study\241-252\realtime-ascii-generator\realtime-ascii-generator\realtime-ascii-generator\x64\debug\cam.obj
d:\study\241-252\realtime-ascii-generator\realtime-ascii-generator\x64\debug\realtime-ascii-generator.exe
d:\study\241-252\realtime-ascii-generator\realtime-ascii-generator\x64\debug\realtime-ascii-generator.pdb
d:\study\241-252\realtime-ascii-generator\realtime-ascii-generator\realtime-ascii-generator\x64\debug\realtime.95f86104.tlog\cl.command.1.tlog
d:\study\241-252\realtime-ascii-generator\realtime-ascii-generator\realtime-ascii-generator\x64\debug\realtime.95f86104.tlog\cl.items.tlog
d:\study\241-252\realtime-ascii-generator\realtime-ascii-generator\realtime-ascii-generator\x64\debug\realtime.95f86104.tlog\cl.read.1.tlog
d:\study\241-252\realtime-ascii-generator\realtime-ascii-generator\realtime-ascii-generator\x64\debug\realtime.95f86104.tlog\cl.write.1.tlog
d:\study\241-252\realtime-ascii-generator\realtime-ascii-generator\realtime-ascii-generator\x64\debug\realtime.95f86104.tlog\link.command.1.tlog
d:\study\241-252\realtime-ascii-generator\realtime-ascii-generator\realtime-ascii-generator\x64\debug\realtime.95f86104.tlog\link.read.1.tlog
d:\study\241-252\realtime-ascii-generator\realtime-ascii-generator\realtime-ascii-generator\x64\debug\realtime.95f86104.tlog\link.secondary.1.tlog
d:\study\241-252\realtime-ascii-generator\realtime-ascii-generator\realtime-ascii-generator\x64\debug\realtime.95f86104.tlog\link.write.1.tlog
d:\study\241-252\realtime-ascii-generator\realtime-ascii-generator\realtime-ascii-generator\x64\debug\realtime.95f86104.tlog\metagen.read.1.tlog
d:\study\241-252\realtime-ascii-generator\realtime-ascii-generator\realtime-ascii-generator\x64\debug\realtime.95f86104.tlog\metagen.write.1.tlog
d:\study\241-252\realtime-ascii-generator\realtime-ascii-generator\realtime-ascii-generator\x64\debug\realtime.95f86104.tlog\resgen.command.1.tlog
d:\study\241-252\realtime-ascii-generator\realtime-ascii-generator\realtime-ascii-generator\x64\debug\realtime.95f86104.tlog\resgen.read.1.tlog
d:\study\241-252\realtime-ascii-generator\realtime-ascii-generator\realtime-ascii-generator\x64\debug\realtime.95f86104.tlog\resgen.write.1.tlog
